<?xml version="1.0" encoding="UTF-8"?>
<!-- Generated by org.testng.reporters.JUnitReportReporter -->
<testsuite hostname="DESKTOP-5TKDBCC" failures="0" tests="1" name="testpage.TestPage" time="19.960" errors="0" timestamp="21 Dec 2021 15:09:37 GMT" skipped="0">
  <testcase classname="testpage.TestPage" name="browserSetup" time="19.960"/>
</testsuite> <!-- testpage.TestPage -->
